<html>
<head>
<title>TestNG:  Test</title>
<link href="../testng.css" rel="stylesheet" type="text/css" />
<link href="../my-testng.css" rel="stylesheet" type="text/css" />

<style type="text/css">
.log { display: none;} 
.stack-trace { display: none;} 
</style>
<script type="text/javascript">
<!--
function flip(e) {
  current = e.style.display;
  if (current == 'block') {
    e.style.display = 'none';
    return 0;
  }
  else {
    e.style.display = 'block';
    return 1;
  }
}

function toggleBox(szDivId, elem, msg1, msg2)
{
  var res = -1;  if (document.getElementById) {
    res = flip(document.getElementById(szDivId));
  }
  else if (document.all) {
    // this is the way old msie versions work
    res = flip(document.all[szDivId]);
  }
  if(elem) {
    if(res == 0) elem.innerHTML = msg1; else elem.innerHTML = msg2;
  }

}

function toggleAllBoxes() {
  if (document.getElementsByTagName) {
    d = document.getElementsByTagName('div');
    for (i = 0; i < d.length; i++) {
      if (d[i].className == 'log') {
        flip(d[i]);
      }
    }
  }
}

// -->
</script>

</head>
<body>
<h2 align='center'>Test</h2><table border='1' align="center">
<tr>
<td>Tests passed/Failed/Skipped:</td><td>3/1/0</td>
</tr><tr>
<td>Started on:</td><td>Thu Jul 14 19:36:08 BDT 2022</td>
</tr>
<tr><td>Total time:</td><td>269 seconds (269992 ms)</td>
</tr><tr>
<td>Included groups:</td><td></td>
</tr><tr>
<td>Excluded groups:</td><td></td>
</tr>
</table><p/>
<small><i>(Hover the method name to see the test class name)</i></small><p/>
<table width='100%' border='1' class='invocation-failed'>
<tr><td colspan='4' align='center'><b>FAILED TESTS</b></td></tr>
<tr><td><b>Test method</b></td>
<td width="30%"><b>Exception</b></td>
<td width="10%"><b>Time (seconds)</b></td>
<td><b>Instance</b></td>
</tr>
<tr>
<td title='TastCasePackageAdvance.T001_CreateNewAccount.registration()'><b>registration</b><br>Test class: TastCasePackageAdvance.T001_CreateNewAccount<br>Test method: Perform registration process for new users and Sign Out<br>Parameters: jacyj@dffda.com, Jacy, Jane, @testpass123, 28, 5, 1990, Market Basket, 2358 Barfield Lane, Indianapolis, Indiana, 12, 55555, 21, Take first Right after KFC, 317-529-7499, 317-425-8779,  My address</td>
<td><div><pre>java.lang.AssertionError: expected:&lt;&gt; but was:&lt;YOUR PERSONAL INFORMATION&gt;
	at TastCasePackageAdvance.T001_CreateNewAccount.registration(T001_CreateNewAccount.java:48)
	at java.util.ArrayList.forEach(ArrayList.java:1259)
... Removed 29 stack frames</pre></div><a href='#' onClick='toggleBox("stack-trace85435056", this, "Click to show all stack frames", "Click to hide stack frames")'>Click to show all stack frames</a>
<div class='stack-trace' id='stack-trace85435056'><pre>java.lang.AssertionError: expected:&lt;&gt; but was:&lt;YOUR PERSONAL INFORMATION&gt;
	at org.testng.AssertJUnit.assertEquals(AssertJUnit.java:115)
	at org.testng.AssertJUnit.assertEquals(AssertJUnit.java:125)
	at TastCasePackageAdvance.T001_CreateNewAccount.registration(T001_CreateNewAccount.java:48)
	at sun.reflect.NativeMethodAccessorImpl.invoke0(Native Method)
	at sun.reflect.NativeMethodAccessorImpl.invoke(NativeMethodAccessorImpl.java:62)
	at sun.reflect.DelegatingMethodAccessorImpl.invoke(DelegatingMethodAccessorImpl.java:43)
	at java.lang.reflect.Method.invoke(Method.java:498)
	at org.testng.internal.MethodInvocationHelper.invokeMethod(MethodInvocationHelper.java:133)
	at org.testng.internal.TestInvoker.invokeMethod(TestInvoker.java:598)
	at org.testng.internal.TestInvoker.invokeTestMethod(TestInvoker.java:173)
	at org.testng.internal.MethodRunner.runInSequence(MethodRunner.java:46)
	at org.testng.internal.TestInvoker$MethodInvocationAgent.invoke(TestInvoker.java:824)
	at org.testng.internal.TestInvoker.invokeTestMethods(TestInvoker.java:146)
	at org.testng.internal.TestMethodWorker.invokeTestMethods(TestMethodWorker.java:146)
	at org.testng.internal.TestMethodWorker.run(TestMethodWorker.java:128)
	at java.util.ArrayList.forEach(ArrayList.java:1259)
	at org.testng.TestRunner.privateRun(TestRunner.java:794)
	at org.testng.TestRunner.run(TestRunner.java:596)
	at org.testng.SuiteRunner.runTest(SuiteRunner.java:377)
	at org.testng.SuiteRunner.runSequentially(SuiteRunner.java:371)
	at org.testng.SuiteRunner.privateRun(SuiteRunner.java:332)
	at org.testng.SuiteRunner.run(SuiteRunner.java:276)
	at org.testng.SuiteRunnerWorker.runSuite(SuiteRunnerWorker.java:53)
	at org.testng.SuiteRunnerWorker.run(SuiteRunnerWorker.java:96)
	at org.testng.TestNG.runSuitesSequentially(TestNG.java:1212)
	at org.testng.TestNG.runSuitesLocally(TestNG.java:1134)
	at org.testng.TestNG.runSuites(TestNG.java:1063)
	at org.testng.TestNG.run(TestNG.java:1031)
	at org.testng.remote.AbstractRemoteTestNG.run(AbstractRemoteTestNG.java:115)
	at org.testng.remote.RemoteTestNG.initAndRun(RemoteTestNG.java:251)
	at org.testng.remote.RemoteTestNG.main(RemoteTestNG.java:77)
</pre></div></td>
<td>17</td>
<td>TastCasePackageAdvance.T001_CreateNewAccount@3bb9a3ff</td></tr>
</table><p>
<table width='100%' border='1' class='invocation-passed'>
<tr><td colspan='4' align='center'><b>PASSED TESTS</b></td></tr>
<tr><td><b>Test method</b></td>
<td width="30%"><b>Exception</b></td>
<td width="10%"><b>Time (seconds)</b></td>
<td><b>Instance</b></td>
</tr>
<tr>
<td title='TastCasePackageAdvance.T002_Login_And_Purchase.loginAndPurchase()'><b>loginAndPurchase</b><br>Test class: TastCasePackageAdvance.T002_Login_And_Purchase<br>Test method: Perform Login, Purchase, and Logout<br>Parameters: jacyjane@dffda.com, @testpass123, Be aware about dog</td>
<td></td>
<td>69</td>
<td>TastCasePackageAdvance.T002_Login_And_Purchase@4567f35d</td></tr>
<tr>
<td title='TastCasePackageAdvance.T001_CreateNewAccount.registration()'><b>registration</b><br>Test class: TastCasePackageAdvance.T001_CreateNewAccount<br>Test method: Perform registration process for new users and Sign Out<br>Parameters: johnKa@gmalla.com, John, Kanir, testpass123@, 12, 7, 2000, AdventureSports, 87 Nickel Road, 2661 Kennedy Court, Kentucky, 6, 41002, 21, Take first left after Jr. school, 774-280-5944, 606-402-2834,  My address</td>
<td></td>
<td>29</td>
<td>TastCasePackageAdvance.T001_CreateNewAccount@3bb9a3ff</td></tr>
<tr>
<td title='TastCasePackageAdvance.T002_Login_And_Purchase.loginAndPurchase()'><b>loginAndPurchase</b><br>Test class: TastCasePackageAdvance.T002_Login_And_Purchase<br>Test method: Perform Login, Purchase, and Logout<br>Parameters: johnKanir@gmalla.com, testpass123@, Call before knock the door</td>
<td></td>
<td>78</td>
<td>TastCasePackageAdvance.T002_Login_And_Purchase@4567f35d</td></tr>
</table><p>
</body>
</html>